{
    "meta": {
        "format": 2,
        "version": "7.5.0",
        "timestamp": "2024-06-17T10:03:25.535185",
        "branch_coverage": false,
        "show_contexts": false
    },
    "files": {
        "competitions/__init__.py": {
            "executed_lines": [
                1
            ],
            "summary": {
                "covered_lines": 0,
                "num_statements": 0,
                "percent_covered": 100,
                "percent_covered_display": "100",
                "missing_lines": 0,
                "excluded_lines": 0
            },
            "missing_lines": [],
            "excluded_lines": []
        },
        "competitions/asgi.py": {
            "executed_lines": [],
            "summary": {
                "covered_lines": 0,
                "num_statements": 4,
                "percent_covered": 0,
                "percent_covered_display": "0",
                "missing_lines": 4,
                "excluded_lines": 0
            },
            "missing_lines": [
                10,
                12,
                14,
                16
            ],
            "excluded_lines": []
        },
        "competitions/settings.py": {
            "executed_lines": [
                1,
                13,
                14,
                15,
                17,
                20,
                27,
                30,
                32,
                37,
                49,
                57,
                67,
                69,
                85,
                91,
                110,
                129,
                131,
                133,
                135,
                141,
                143,
                148,
                150
            ],
            "summary": {
                "covered_lines": 24,
                "num_statements": 24,
                "percent_covered": 100,
                "percent_covered_display": "100",
                "missing_lines": 0,
                "excluded_lines": 0
            },
            "missing_lines": [],
            "excluded_lines": []
        },
        "competitions/urls.py": {
            "executed_lines": [
                1,
                2,
                4
            ],
            "summary": {
                "covered_lines": 3,
                "num_statements": 3,
                "percent_covered": 100,
                "percent_covered_display": "100",
                "missing_lines": 0,
                "excluded_lines": 0
            },
            "missing_lines": [],
            "excluded_lines": []
        },
        "competitions/wsgi.py": {
            "executed_lines": [],
            "summary": {
                "covered_lines": 0,
                "num_statements": 4,
                "percent_covered": 0,
                "percent_covered_display": "0",
                "missing_lines": 4,
                "excluded_lines": 0
            },
            "missing_lines": [
                10,
                12,
                14,
                16
            ],
            "excluded_lines": []
        },
        "competitions_app/__init__.py": {
            "executed_lines": [
                1
            ],
            "summary": {
                "covered_lines": 0,
                "num_statements": 0,
                "percent_covered": 100,
                "percent_covered_display": "100",
                "missing_lines": 0,
                "excluded_lines": 0
            },
            "missing_lines": [],
            "excluded_lines": []
        },
        "competitions_app/admin.py": {
            "executed_lines": [
                1,
                3,
                6,
                7,
                8,
                10,
                11,
                12,
                14,
                15,
                16,
                18,
                19,
                20,
                21,
                23,
                24,
                25,
                26,
                28,
                29,
                30,
                31,
                33,
                34,
                35,
                36,
                38,
                39,
                40
            ],
            "summary": {
                "covered_lines": 30,
                "num_statements": 30,
                "percent_covered": 100,
                "percent_covered_display": "100",
                "missing_lines": 0,
                "excluded_lines": 0
            },
            "missing_lines": [],
            "excluded_lines": []
        },
        "competitions_app/apps.py": {
            "executed_lines": [
                1,
                4,
                5,
                6
            ],
            "summary": {
                "covered_lines": 4,
                "num_statements": 4,
                "percent_covered": 100,
                "percent_covered_display": "100",
                "missing_lines": 0,
                "excluded_lines": 0
            },
            "missing_lines": [],
            "excluded_lines": []
        },
        "competitions_app/config.py": {
            "executed_lines": [],
            "summary": {
                "covered_lines": 0,
                "num_statements": 2,
                "percent_covered": 0,
                "percent_covered_display": "0",
                "missing_lines": 2,
                "excluded_lines": 0
            },
            "missing_lines": [
                1,
                2
            ],
            "excluded_lines": []
        },
        "competitions_app/forms.py": {
            "executed_lines": [
                1,
                2,
                3,
                4,
                5,
                6,
                7,
                9,
                11,
                13,
                16,
                17,
                19,
                33,
                34,
                35,
                36,
                38,
                39,
                40,
                43,
                44,
                55,
                56,
                58,
                74,
                92,
                120,
                121,
                122,
                128,
                129,
                131,
                132,
                133,
                140,
                143,
                144,
                145,
                146,
                148,
                149,
                151,
                153,
                154,
                155,
                156,
                157,
                159,
                160,
                161,
                169,
                172,
                173,
                174,
                176,
                177,
                178,
                185,
                188,
                189,
                190,
                191,
                192,
                194,
                195,
                196,
                197,
                198,
                199,
                200,
                201,
                204,
                207
            ],
            "summary": {
                "covered_lines": 73,
                "num_statements": 101,
                "percent_covered": 72.27722772277228,
                "percent_covered_display": "72",
                "missing_lines": 28,
                "excluded_lines": 0
            },
            "missing_lines": [
                20,
                21,
                22,
                23,
                24,
                25,
                26,
                27,
                29,
                31,
                70,
                71,
                72,
                86,
                87,
                89,
                90,
                107,
                108,
                109,
                110,
                112,
                113,
                115,
                116,
                117,
                150,
                202
            ],
            "excluded_lines": []
        },
        "competitions_app/migrations/0001_initial.py": {
            "executed_lines": [
                3,
                4,
                5,
                6,
                7,
                10,
                12,
                14,
                18
            ],
            "summary": {
                "covered_lines": 9,
                "num_statements": 9,
                "percent_covered": 100,
                "percent_covered_display": "100",
                "missing_lines": 0,
                "excluded_lines": 0
            },
            "missing_lines": [],
            "excluded_lines": []
        },
        "competitions_app/migrations/__init__.py": {
            "executed_lines": [
                1
            ],
            "summary": {
                "covered_lines": 0,
                "num_statements": 0,
                "percent_covered": 100,
                "percent_covered_display": "100",
                "missing_lines": 0,
                "excluded_lines": 0
            },
            "missing_lines": [],
            "excluded_lines": []
        },
        "competitions_app/models.py": {
            "executed_lines": [
                1,
                2,
                3,
                5,
                6,
                7,
                8,
                9,
                12,
                13,
                14,
                15,
                16,
                19,
                20,
                23,
                24,
                25,
                27,
                30,
                31,
                38,
                39,
                46,
                47,
                51,
                52,
                54,
                55,
                58,
                59,
                61,
                62,
                65,
                66,
                73,
                74,
                77,
                78,
                85,
                86,
                89,
                90,
                95,
                101,
                103,
                104,
                107,
                110,
                111,
                112,
                113,
                114,
                115,
                124,
                125,
                131,
                133,
                134,
                137,
                140,
                141,
                142,
                143,
                144,
                147,
                148,
                149,
                151,
                160,
                166,
                172,
                175,
                182,
                183,
                184,
                185,
                186,
                189,
                190,
                196,
                202,
                203,
                204,
                205,
                206,
                208,
                211,
                212,
                219,
                220,
                221,
                223,
                224,
                225,
                226,
                228,
                229,
                230,
                232,
                233,
                234,
                236,
                237,
                238,
                240,
                244,
                245,
                246,
                248,
                249,
                250,
                251
            ],
            "summary": {
                "covered_lines": 113,
                "num_statements": 129,
                "percent_covered": 87.59689922480621,
                "percent_covered_display": "88",
                "missing_lines": 16,
                "excluded_lines": 0
            },
            "missing_lines": [
                26,
                32,
                40,
                48,
                105,
                108,
                135,
                138,
                173,
                176,
                177,
                178,
                179,
                180,
                209,
                241
            ],
            "excluded_lines": []
        },
        "competitions_app/serializers.py": {
            "executed_lines": [
                1,
                3,
                6,
                7,
                8,
                9,
                11,
                12,
                13,
                14,
                16,
                17,
                18,
                19,
                21,
                22,
                23,
                24
            ],
            "summary": {
                "covered_lines": 18,
                "num_statements": 18,
                "percent_covered": 100,
                "percent_covered_display": "100",
                "missing_lines": 0,
                "excluded_lines": 0
            },
            "missing_lines": [],
            "excluded_lines": []
        },
        "competitions_app/urls.py": {
            "executed_lines": [
                1,
                2,
                3,
                5,
                7,
                8,
                9,
                10,
                11,
                13
            ],
            "summary": {
                "covered_lines": 10,
                "num_statements": 10,
                "percent_covered": 100,
                "percent_covered_display": "100",
                "missing_lines": 0,
                "excluded_lines": 0
            },
            "missing_lines": [],
            "excluded_lines": []
        },
        "competitions_app/utils.py": {
            "executed_lines": [
                1,
                2,
                3,
                5,
                6,
                9,
                16,
                17,
                18,
                21,
                28,
                29,
                30,
                31,
                32,
                37,
                45,
                46
            ],
            "summary": {
                "covered_lines": 18,
                "num_statements": 20,
                "percent_covered": 90,
                "percent_covered_display": "90",
                "missing_lines": 2,
                "excluded_lines": 0
            },
            "missing_lines": [
                33,
                34
            ],
            "excluded_lines": []
        },
        "competitions_app/validators.py": {
            "executed_lines": [
                1,
                2,
                3,
                4,
                5,
                6,
                9,
                10,
                11,
                12,
                14,
                15,
                17,
                20,
                21,
                22,
                24,
                32,
                33,
                34,
                35,
                36,
                39,
                40,
                41,
                42,
                44,
                45,
                47,
                50,
                51,
                52,
                53,
                55
            ],
            "summary": {
                "covered_lines": 34,
                "num_statements": 40,
                "percent_covered": 85,
                "percent_covered_display": "85",
                "missing_lines": 6,
                "excluded_lines": 0
            },
            "missing_lines": [
                16,
                18,
                25,
                46,
                48,
                56
            ],
            "excluded_lines": []
        },
        "competitions_app/views.py": {
            "executed_lines": [
                1,
                3,
                4,
                5,
                6,
                7,
                8,
                9,
                10,
                12,
                13,
                14,
                18,
                29,
                30,
                31,
                32,
                33,
                34,
                36,
                44,
                46,
                47,
                48,
                51,
                52,
                53,
                72,
                74,
                75,
                76,
                79,
                101,
                137,
                138,
                143,
                144,
                145,
                147,
                148,
                149,
                150,
                151,
                152,
                154,
                155,
                156,
                157,
                158,
                159,
                161,
                163,
                164,
                165,
                166,
                169,
                170,
                171,
                172,
                173,
                174,
                175,
                176,
                177,
                178,
                179,
                185,
                186,
                187,
                191,
                202,
                203
            ],
            "summary": {
                "covered_lines": 72,
                "num_statements": 144,
                "percent_covered": 50,
                "percent_covered_display": "50",
                "missing_lines": 72,
                "excluded_lines": 0
            },
            "missing_lines": [
                19,
                37,
                38,
                39,
                40,
                41,
                42,
                43,
                54,
                55,
                56,
                57,
                58,
                59,
                60,
                61,
                62,
                63,
                64,
                65,
                66,
                67,
                80,
                81,
                82,
                83,
                84,
                85,
                87,
                89,
                91,
                111,
                113,
                114,
                115,
                116,
                117,
                122,
                123,
                124,
                126,
                128,
                130,
                134,
                139,
                140,
                181,
                183,
                204,
                205,
                206,
                207,
                208,
                209,
                210,
                211,
                212,
                213,
                214,
                215,
                216,
                218,
                219,
                220,
                221,
                222,
                223,
                224,
                225,
                227,
                229,
                231
            ],
            "excluded_lines": []
        },
        "competitions_app/widgets.py": {
            "executed_lines": [
                1,
                4,
                5,
                8,
                9
            ],
            "summary": {
                "covered_lines": 5,
                "num_statements": 5,
                "percent_covered": 100,
                "percent_covered_display": "100",
                "missing_lines": 0,
                "excluded_lines": 0
            },
            "missing_lines": [],
            "excluded_lines": []
        },
        "manage.py": {
            "executed_lines": [
                2,
                3,
                4,
                7,
                9,
                10,
                11,
                18,
                21,
                22
            ],
            "summary": {
                "covered_lines": 10,
                "num_statements": 12,
                "percent_covered": 83.33333333333333,
                "percent_covered_display": "83",
                "missing_lines": 2,
                "excluded_lines": 0
            },
            "missing_lines": [
                12,
                13
            ],
            "excluded_lines": []
        },
        "tests/app/forms.py": {
            "executed_lines": [
                1,
                2,
                5,
                6,
                9,
                10,
                13,
                14
            ],
            "summary": {
                "covered_lines": 8,
                "num_statements": 8,
                "percent_covered": 100,
                "percent_covered_display": "100",
                "missing_lines": 0,
                "excluded_lines": 0
            },
            "missing_lines": [],
            "excluded_lines": []
        },
        "tests/runner.py": {
            "executed_lines": [
                1,
                2,
                3,
                4,
                5,
                8,
                9,
                10,
                12,
                13,
                14,
                15,
                16,
                17
            ],
            "summary": {
                "covered_lines": 14,
                "num_statements": 14,
                "percent_covered": 100,
                "percent_covered_display": "100",
                "missing_lines": 0,
                "excluded_lines": 0
            },
            "missing_lines": [],
            "excluded_lines": []
        },
        "tests/test_add_funds.py": {
            "executed_lines": [
                1,
                2,
                3,
                5,
                7,
                8,
                10,
                11,
                12,
                14,
                15,
                16,
                17,
                18,
                20,
                21,
                22,
                23,
                25,
                26,
                33,
                34
            ],
            "summary": {
                "covered_lines": 22,
                "num_statements": 22,
                "percent_covered": 100,
                "percent_covered_display": "100",
                "missing_lines": 0,
                "excluded_lines": 0
            },
            "missing_lines": [],
            "excluded_lines": []
        },
        "tests/test_api.py": {
            "executed_lines": [
                1,
                2,
                3,
                4,
                5,
                6,
                7,
                9,
                12,
                13,
                14,
                15,
                16,
                17,
                20,
                21,
                23,
                29,
                31,
                32,
                33,
                35,
                36,
                38,
                39,
                40,
                41,
                43,
                44,
                46,
                47,
                54,
                55,
                61,
                64,
                65,
                66,
                68,
                69,
                70,
                71
            ],
            "summary": {
                "covered_lines": 41,
                "num_statements": 41,
                "percent_covered": 100,
                "percent_covered_display": "100",
                "missing_lines": 0,
                "excluded_lines": 0
            },
            "missing_lines": [],
            "excluded_lines": []
        },
        "tests/test_forms.py": {
            "executed_lines": [
                1,
                2,
                4,
                5,
                8,
                9,
                10,
                11,
                12,
                13,
                14,
                15,
                17,
                19,
                20,
                21,
                22,
                23,
                25,
                26,
                27,
                28,
                30,
                31,
                32,
                40,
                41,
                42,
                43,
                45,
                46,
                47,
                48,
                50,
                51,
                54,
                55,
                56,
                57,
                59,
                60,
                62,
                63,
                64,
                66,
                67,
                69,
                70,
                71,
                73,
                74,
                76,
                77,
                78,
                79,
                83,
                84,
                85,
                86,
                90,
                91,
                92,
                93,
                97,
                98,
                99,
                100,
                105,
                106,
                107,
                110,
                111,
                113,
                114,
                117,
                118,
                120,
                121,
                124,
                125,
                127,
                128,
                129,
                130,
                134,
                135,
                136,
                137,
                141,
                142,
                143,
                144,
                148,
                149,
                150,
                151,
                155,
                156,
                158,
                161,
                162,
                164,
                165,
                168,
                169,
                171,
                172,
                175,
                176,
                177,
                178,
                181,
                183,
                184,
                187,
                188,
                190,
                191,
                194,
                195,
                197,
                198,
                199,
                200,
                204,
                205,
                206,
                207
            ],
            "summary": {
                "covered_lines": 105,
                "num_statements": 140,
                "percent_covered": 75,
                "percent_covered_display": "75",
                "missing_lines": 35,
                "excluded_lines": 0
            },
            "missing_lines": [
                6,
                18,
                44,
                49,
                53,
                58,
                61,
                65,
                68,
                82,
                89,
                96,
                103,
                104,
                133,
                140,
                147,
                154,
                157,
                182,
                203,
                210,
                211,
                213,
                214,
                217,
                218,
                220,
                221,
                224,
                225,
                227,
                228,
                231,
                232
            ],
            "excluded_lines": []
        },
        "tests/test_models.py": {
            "executed_lines": [
                1,
                2,
                3,
                4,
                5,
                7,
                10,
                20,
                21,
                22,
                23,
                24,
                26,
                27,
                28,
                31,
                32,
                33,
                34,
                36,
                37,
                38,
                39,
                41,
                42,
                43,
                44,
                45,
                46,
                47,
                51,
                53,
                54,
                55,
                56,
                57,
                58,
                59,
                60,
                62,
                67,
                73,
                74,
                77,
                79,
                82,
                85
            ],
            "summary": {
                "covered_lines": 47,
                "num_statements": 49,
                "percent_covered": 95.91836734693878,
                "percent_covered_display": "96",
                "missing_lines": 2,
                "excluded_lines": 0
            },
            "missing_lines": [
                75,
                76
            ],
            "excluded_lines": []
        },
        "tests/test_utils.py": {
            "executed_lines": [
                1,
                2,
                3,
                6,
                7,
                8,
                30,
                42,
                43,
                44,
                45,
                46,
                47,
                49,
                50,
                57,
                58,
                59
            ],
            "summary": {
                "covered_lines": 18,
                "num_statements": 18,
                "percent_covered": 100,
                "percent_covered_display": "100",
                "missing_lines": 0,
                "excluded_lines": 0
            },
            "missing_lines": [],
            "excluded_lines": []
        }
    },
    "totals": {
        "covered_lines": 678,
        "num_statements": 851,
        "percent_covered": 79.67097532314924,
        "percent_covered_display": "80",
        "missing_lines": 173,
        "excluded_lines": 0
    }
}